TN:
SF:backend\controllers\authController.js
FN:25,(anonymous_0)
FN:122,(anonymous_1)
FN:170,(anonymous_2)
FN:235,(anonymous_3)
FN:266,(anonymous_4)
FN:299,(anonymous_5)
FNF:6
FNH:2
FNDA:7,(anonymous_0)
FNDA:0,(anonymous_1)
FNDA:0,(anonymous_2)
FNDA:0,(anonymous_3)
FNDA:0,(anonymous_4)
FNDA:2,(anonymous_5)
DA:8,1
DA:9,1
DA:10,1
DA:11,1
DA:15,1
DA:25,1
DA:26,7
DA:27,7
DA:30,7
DA:34,7
DA:37,7
DA:38,2
DA:45,5
DA:48,4
DA:49,1
DA:56,3
DA:57,2
DA:58,1
DA:59,1
DA:69,1
DA:70,1
DA:71,1
DA:73,0
DA:74,0
DA:81,1
DA:84,1
DA:92,1
DA:94,1
DA:106,2
DA:107,2
DA:122,1
DA:123,0
DA:127,0
DA:128,0
DA:129,0
DA:132,0
DA:133,0
DA:140,0
DA:141,0
DA:142,0
DA:149,0
DA:150,0
DA:157,0
DA:159,0
DA:160,0
DA:167,0
DA:170,0
DA:172,0
DA:176,0
DA:179,0
DA:184,0
DA:193,0
DA:194,0
DA:195,0
DA:198,0
DA:206,0
DA:208,0
DA:219,0
DA:220,0
DA:235,1
DA:236,0
DA:237,0
DA:238,0
DA:240,0
DA:241,0
DA:243,0
DA:245,0
DA:250,0
DA:251,0
DA:266,1
DA:267,0
DA:268,0
DA:269,0
DA:271,0
DA:272,0
DA:275,0
DA:277,0
DA:287,0
DA:299,1
DA:303,2
DA:304,2
DA:307,2
DA:308,2
DA:310,2
DA:311,1
DA:315,1
DA:316,0
DA:323,1
DA:324,0
DA:331,1
DA:334,1
DA:335,1
DA:336,0
DA:343,1
DA:346,1
DA:351,1
DA:353,1
DA:358,0
DA:359,0
LF:99
LH:47
BRDA:30,0,0,0
BRDA:30,0,1,7
BRDA:30,1,0,7
BRDA:30,1,1,0
BRDA:37,2,0,2
BRDA:37,2,1,5
BRDA:37,3,0,7
BRDA:37,3,1,6
BRDA:48,4,0,1
BRDA:48,4,1,3
BRDA:57,5,0,1
BRDA:57,5,1,1
BRDA:127,6,0,0
BRDA:127,6,1,0
BRDA:128,7,0,0
BRDA:128,7,1,0
BRDA:132,8,0,0
BRDA:132,8,1,0
BRDA:132,9,0,0
BRDA:132,9,1,0
BRDA:132,9,2,0
BRDA:132,9,3,0
BRDA:141,10,0,0
BRDA:141,10,1,0
BRDA:149,11,0,0
BRDA:149,11,1,0
BRDA:159,12,0,0
BRDA:159,12,1,0
BRDA:237,13,0,0
BRDA:237,13,1,0
BRDA:238,14,0,0
BRDA:238,14,1,0
BRDA:269,15,0,0
BRDA:269,15,1,0
BRDA:271,16,0,0
BRDA:271,16,1,0
BRDA:307,17,0,2
BRDA:307,17,1,1
BRDA:308,18,0,2
BRDA:308,18,1,1
BRDA:310,19,0,1
BRDA:310,19,1,1
BRDA:315,20,0,0
BRDA:315,20,1,1
BRDA:315,21,0,1
BRDA:315,21,1,1
BRDA:323,22,0,0
BRDA:323,22,1,1
BRDA:335,23,0,0
BRDA:335,23,1,1
BRF:50
BRH:21
end_of_record
TN:
SF:backend\controllers\betaController.js
FN:25,(anonymous_0)
FN:72,(anonymous_1)
FN:145,(anonymous_2)
FN:156,(anonymous_3)
FNF:4
FNH:1
FNDA:11,(anonymous_0)
FNDA:0,(anonymous_1)
FNDA:0,(anonymous_2)
FNDA:0,(anonymous_3)
DA:8,1
DA:9,1
DA:10,1
DA:11,1
DA:15,1
DA:25,1
DA:26,11
DA:30,11
DA:31,11
DA:32,11
DA:35,11
DA:36,4
DA:43,7
DA:44,7
DA:45,1
DA:52,6
DA:53,1
DA:60,5
DA:61,5
DA:62,1
DA:69,4
DA:72,3
DA:74,0
DA:78,0
DA:81,0
DA:86,0
DA:95,2
DA:96,2
DA:97,2
DA:100,2
DA:110,2
DA:116,2
DA:128,2
DA:129,2
DA:145,1
DA:146,0
DA:148,0
DA:149,0
DA:156,0
DA:158,0
DA:163,0
DA:168,0
DA:178,0
DA:187,0
DA:188,0
DA:190,0
DA:192,0
DA:197,0
DA:207,0
DA:211,0
DA:228,0
DA:229,0
DA:230,0
DA:235,0
DA:236,0
DA:246,0
DA:251,0
DA:253,0
DA:256,0
DA:316,0
DA:317,0
LF:61
LH:31
BRDA:30,0,0,11
BRDA:30,0,1,11
BRDA:31,1,0,11
BRDA:31,1,1,11
BRDA:35,2,0,4
BRDA:35,2,1,7
BRDA:35,3,0,11
BRDA:35,3,1,10
BRDA:35,3,2,9
BRDA:35,3,3,8
BRDA:44,4,0,1
BRDA:44,4,1,6
BRDA:52,5,0,1
BRDA:52,5,1,5
BRDA:61,6,0,1
BRDA:61,6,1,4
BRDA:148,7,0,0
BRDA:148,7,1,0
BRDA:148,8,0,0
BRDA:148,8,1,0
BRDA:231,9,0,0
BRDA:231,9,1,0
BRDA:235,10,0,0
BRDA:235,10,1,0
BRF:24
BRH:16
end_of_record
TN:
SF:backend\middleware\jwtAuthMiddleware.js
FN:21,extractToken
FN:48,extractRefreshToken
FN:64,requireAuth
FN:124,optionalAuth
FN:183,handleTokenRefresh
FN:237,getUserFromDatabase
FN:256,setAuthCookies
FN:296,clearAuthCookies
FN:309,requireRole
FN:313,(anonymous_9)
FNF:10
FNH:0
FNDA:0,extractToken
FNDA:0,extractRefreshToken
FNDA:0,requireAuth
FNDA:0,optionalAuth
FNDA:0,handleTokenRefresh
FNDA:0,getUserFromDatabase
FNDA:0,setAuthCookies
FNDA:0,clearAuthCookies
FNDA:0,requireRole
FNDA:0,(anonymous_9)
DA:8,1
DA:9,1
DA:23,0
DA:24,0
DA:25,0
DA:29,0
DA:30,0
DA:34,0
DA:35,0
DA:36,0
DA:39,0
DA:49,0
DA:65,0
DA:67,0
DA:68,0
DA:69,0
DA:75,0
DA:77,0
DA:80,0
DA:88,0
DA:93,0
DA:95,0
DA:98,0
DA:99,0
DA:106,0
DA:126,0
DA:127,0
DA:129,0
DA:131,0
DA:134,0
DA:135,0
DA:136,0
DA:142,0
DA:145,0
DA:146,0
DA:149,0
DA:151,0
DA:154,0
DA:162,0
DA:168,0
DA:172,0
DA:184,0
DA:186,0
DA:187,0
DA:193,0
DA:195,0
DA:198,0
DA:200,0
DA:201,0
DA:208,0
DA:211,0
DA:213,0
DA:218,0
DA:221,0
DA:223,0
DA:238,0
DA:239,0
DA:240,0
DA:241,0
DA:243,0
DA:244,0
DA:259,0
DA:260,0
DA:261,0
DA:263,0
DA:266,0
DA:275,0
DA:284,0
DA:297,0
DA:298,0
DA:300,0
DA:311,0
DA:313,0
DA:315,0
DA:316,0
DA:323,0
DA:324,0
DA:330,0
DA:336,0
DA:340,1
LF:80
LH:3
BRDA:23,0,0,0
BRDA:23,0,1,0
BRDA:24,1,0,0
BRDA:24,1,1,0
BRDA:24,2,0,0
BRDA:24,2,1,0
BRDA:29,3,0,0
BRDA:29,3,1,0
BRDA:29,4,0,0
BRDA:29,4,1,0
BRDA:34,5,0,0
BRDA:34,5,1,0
BRDA:34,6,0,0
BRDA:34,6,1,0
BRDA:49,7,0,0
BRDA:49,7,1,0
BRDA:49,8,0,0
BRDA:49,8,1,0
BRDA:67,9,0,0
BRDA:67,9,1,0
BRDA:98,10,0,0
BRDA:98,10,1,0
BRDA:131,11,0,0
BRDA:131,11,1,0
BRDA:134,12,0,0
BRDA:134,12,1,0
BRDA:134,13,0,0
BRDA:134,13,1,0
BRDA:186,14,0,0
BRDA:186,14,1,0
BRDA:200,15,0,0
BRDA:200,15,1,0
BRDA:259,16,0,0
BRDA:259,16,1,0
BRDA:263,17,0,0
BRDA:263,17,1,0
BRDA:311,18,0,0
BRDA:311,18,1,0
BRDA:315,19,0,0
BRDA:315,19,1,0
BRDA:323,20,0,0
BRDA:323,20,1,0
BRF:42
BRH:0
end_of_record
TN:
SF:backend\middleware\securityMiddleware.js
FN:29,(anonymous_0)
FN:90,(anonymous_1)
FN:91,(anonymous_2)
FN:118,(anonymous_3)
FN:136,(anonymous_4)
FN:200,(anonymous_5)
FN:237,(anonymous_6)
FN:253,(anonymous_7)
FN:255,(anonymous_8)
FN:267,(anonymous_9)
FNF:10
FNH:2
FNDA:0,(anonymous_0)
FNDA:0,(anonymous_1)
FNDA:0,(anonymous_2)
FNDA:0,(anonymous_3)
FNDA:0,(anonymous_4)
FNDA:1,(anonymous_5)
FNDA:2,(anonymous_6)
FNDA:0,(anonymous_7)
FNDA:0,(anonymous_8)
FNDA:0,(anonymous_9)
DA:14,1
DA:15,1
DA:16,1
DA:17,1
DA:18,1
DA:21,1
DA:22,1
DA:29,1
DA:47,0
DA:60,0
DA:80,0
DA:83,0
DA:90,0
DA:92,0
DA:97,0
DA:102,0
DA:113,1
DA:119,0
DA:124,0
DA:131,1
DA:137,0
DA:142,0
DA:149,1
DA:159,1
DA:201,1
DA:202,1
DA:203,1
DA:211,0
DA:212,0
DA:215,0
DA:216,0
DA:219,0
DA:226,1
DA:238,2
DA:239,2
DA:240,1
DA:246,1
DA:253,1
DA:254,0
DA:255,0
DA:256,0
DA:257,0
DA:261,0
DA:267,1
DA:269,0
DA:275,0
DA:282,0
LF:47
LH:22
BRDA:62,0,0,0
BRDA:62,0,1,0
BRDA:202,1,0,1
BRDA:202,1,1,0
BRDA:211,2,0,0
BRDA:211,2,1,0
BRDA:211,3,0,0
BRDA:211,3,1,0
BRDA:215,4,0,0
BRDA:215,4,1,0
BRDA:215,5,0,0
BRDA:215,5,1,0
BRDA:239,6,0,1
BRDA:239,6,1,1
BRDA:254,7,0,0
BRDA:254,7,1,0
BRDA:256,8,0,0
BRDA:256,8,1,0
BRDA:269,9,0,0
BRDA:269,9,1,0
BRDA:270,10,0,0
BRDA:270,10,1,0
BRDA:270,10,2,0
BRDA:270,10,3,0
BRF:24
BRH:3
end_of_record
TN:
SF:backend\routes\authRoutes.js
FN:25,(anonymous_0)
FN:42,(anonymous_1)
FN:59,(anonymous_2)
FN:76,(anonymous_3)
FN:93,(anonymous_4)
FN:110,(anonymous_5)
FN:127,(anonymous_6)
FNF:7
FNH:1
FNDA:1,(anonymous_0)
FNDA:0,(anonymous_1)
FNDA:0,(anonymous_2)
FNDA:0,(anonymous_3)
FNDA:0,(anonymous_4)
FNDA:0,(anonymous_5)
FNDA:0,(anonymous_6)
DA:8,1
DA:9,1
DA:10,1
DA:11,1
DA:12,1
DA:18,1
DA:25,1
DA:26,1
DA:27,1
DA:29,0
DA:30,0
DA:42,1
DA:43,0
DA:44,0
DA:46,0
DA:47,0
DA:59,1
DA:60,0
DA:61,0
DA:63,0
DA:64,0
DA:76,1
DA:77,0
DA:78,0
DA:80,0
DA:81,0
DA:93,1
DA:94,0
DA:95,0
DA:97,0
DA:98,0
DA:110,1
DA:111,0
DA:112,0
DA:114,0
DA:115,0
DA:127,1
DA:128,0
DA:130,0
DA:140,0
DA:141,0
DA:148,1
LF:42
LH:16
BRF:0
BRH:0
end_of_record
TN:
SF:backend\services\jwtService.js
FN:16,(anonymous_0)
FN:38,generateAccessToken
FN:74,generateRefreshToken
FN:109,verifyToken
FN:157,refreshTokens
FN:192,blacklistToken
FN:208,isTokenBlacklisted
FN:217,generateTokenId
FN:227,extractTokenFromHeader
FN:241,logout
FNF:10
FNH:0
FNDA:0,(anonymous_0)
FNDA:0,generateAccessToken
FNDA:0,generateRefreshToken
FNDA:0,verifyToken
FNDA:0,refreshTokens
FNDA:0,blacklistToken
FNDA:0,isTokenBlacklisted
FNDA:0,generateTokenId
FNDA:0,extractTokenFromHeader
FNDA:0,logout
DA:8,1
DA:9,1
DA:13,1
DA:16,1
DA:17,0
DA:18,0
DA:19,0
DA:20,0
DA:26,1
DA:27,1
DA:28,1
DA:29,1
DA:30,1
DA:39,0
DA:40,0
DA:41,0
DA:45,0
DA:54,0
DA:60,0
DA:61,0
DA:63,0
DA:64,0
DA:75,0
DA:76,0
DA:77,0
DA:81,0
DA:87,0
DA:93,0
DA:94,0
DA:96,0
DA:97,0
DA:110,0
DA:111,0
DA:112,0
DA:116,0
DA:119,0
DA:125,0
DA:126,0
DA:130,0
DA:131,0
DA:134,0
DA:136,0
DA:137,0
DA:138,0
DA:139,0
DA:140,0
DA:141,0
DA:143,0
DA:144,0
DA:158,0
DA:160,0
DA:163,0
DA:164,0
DA:168,0
DA:171,0
DA:172,0
DA:174,0
DA:176,0
DA:181,0
DA:182,0
DA:193,0
DA:194,0
DA:195,0
DA:198,0
DA:199,0
DA:209,0
DA:218,0
DA:228,0
DA:229,0
DA:232,0
DA:242,0
DA:243,0
DA:244,0
DA:245,0
DA:246,0
DA:250,0
DA:251,0
DA:252,0
DA:253,0
DA:257,0
DA:259,0
DA:264,1
LF:82
LH:10
BRDA:19,0,0,0
BRDA:19,0,1,0
BRDA:26,1,0,1
BRDA:26,1,1,1
BRDA:27,2,0,1
BRDA:27,2,1,1
BRDA:28,3,0,1
BRDA:28,3,1,1
BRDA:29,4,0,1
BRDA:29,4,1,1
BRDA:30,5,0,1
BRDA:30,5,1,1
BRDA:40,6,0,0
BRDA:40,6,1,0
BRDA:40,7,0,0
BRDA:40,7,1,0
BRDA:48,8,0,0
BRDA:48,8,1,0
BRDA:76,9,0,0
BRDA:76,9,1,0
BRDA:76,10,0,0
BRDA:76,10,1,0
BRDA:109,11,0,0
BRDA:111,12,0,0
BRDA:111,12,1,0
BRDA:116,13,0,0
BRDA:116,13,1,0
BRDA:125,14,0,0
BRDA:125,14,1,0
BRDA:130,15,0,0
BRDA:130,15,1,0
BRDA:136,16,0,0
BRDA:136,16,1,0
BRDA:139,17,0,0
BRDA:139,17,1,0
BRDA:163,18,0,0
BRDA:163,18,1,0
BRDA:163,19,0,0
BRDA:163,19,1,0
BRDA:193,20,0,0
BRDA:193,20,1,0
BRDA:228,21,0,0
BRDA:228,21,1,0
BRDA:228,22,0,0
BRDA:228,22,1,0
BRDA:243,23,0,0
BRDA:243,23,1,0
BRDA:245,24,0,0
BRDA:245,24,1,0
BRDA:245,25,0,0
BRDA:245,25,1,0
BRDA:250,26,0,0
BRDA:250,26,1,0
BRDA:252,27,0,0
BRDA:252,27,1,0
BRDA:252,28,0,0
BRDA:252,28,1,0
BRF:57
BRH:10
end_of_record
TN:
SF:backend\services\logger.js
FN:30,(anonymous_0)
FN:124,(anonymous_1)
FN:146,(anonymous_2)
FN:169,(anonymous_3)
FN:171,(anonymous_4)
FN:172,(anonymous_5)
FN:173,(anonymous_6)
FN:174,(anonymous_7)
FN:175,(anonymous_8)
FN:187,(anonymous_9)
FN:202,(anonymous_10)
FNF:11
FNH:0
FNDA:0,(anonymous_0)
FNDA:0,(anonymous_1)
FNDA:0,(anonymous_2)
FNDA:0,(anonymous_3)
FNDA:0,(anonymous_4)
FNDA:0,(anonymous_5)
FNDA:0,(anonymous_6)
FNDA:0,(anonymous_7)
FNDA:0,(anonymous_8)
FNDA:0,(anonymous_9)
FNDA:0,(anonymous_10)
DA:14,1
DA:15,1
DA:16,1
DA:17,1
DA:20,1
DA:21,1
DA:22,1
DA:23,1
DA:24,1
DA:27,1
DA:31,0
DA:33,0
DA:34,0
DA:36,0
DA:44,0
DA:46,0
DA:50,0
DA:55,1
DA:62,1
DA:65,1
DA:73,1
DA:75,0
DA:76,0
DA:77,0
DA:81,0
DA:93,0
DA:106,1
DA:124,1
DA:126,0
DA:131,0
DA:134,0
DA:137,0
DA:146,0
DA:147,0
DA:148,0
DA:150,0
DA:160,0
DA:169,1
DA:170,0
DA:171,0
DA:172,0
DA:173,0
DA:174,0
DA:175,0
DA:187,1
DA:188,0
DA:197,0
DA:201,1
DA:203,0
DA:207,1
LF:50
LH:20
BRDA:20,0,0,1
BRDA:20,0,1,0
BRDA:21,1,0,1
BRDA:21,1,1,1
BRDA:21,2,0,0
BRDA:21,2,1,1
BRDA:22,3,0,1
BRDA:22,3,1,1
BRDA:23,4,0,1
BRDA:23,4,1,1
BRDA:24,5,0,1
BRDA:24,5,1,1
BRDA:33,6,0,0
BRDA:33,6,1,0
BRDA:34,7,0,0
BRDA:34,7,1,0
BRDA:34,8,0,0
BRDA:34,8,1,0
BRDA:41,9,0,0
BRDA:41,9,1,0
BRDA:68,10,0,0
BRDA:68,10,1,1
BRDA:73,11,0,0
BRDA:73,11,1,1
BRDA:76,12,0,0
BRDA:76,12,1,0
BRDA:126,13,0,0
BRDA:126,13,1,0
BRDA:126,13,2,0
BRDA:148,14,0,0
BRDA:148,14,1,0
BRDA:171,15,0,0
BRDA:172,16,0,0
BRDA:173,17,0,0
BRDA:174,18,0,0
BRDA:175,19,0,0
BRF:36
BRH:12
end_of_record
