TN:
SF:backend/controllers/authController.js
FN:21,(anonymous_0)
FN:93,(anonymous_1)
FN:136,(anonymous_2)
FN:196,(anonymous_3)
FN:204,(anonymous_4)
FN:239,(anonymous_5)
FN:267,(anonymous_6)
FNF:7
FNH:1
FNDA:7,(anonymous_0)
FNDA:0,(anonymous_1)
FNDA:0,(anonymous_2)
FNDA:0,(anonymous_3)
FNDA:0,(anonymous_4)
FNDA:0,(anonymous_5)
FNDA:0,(anonymous_6)
DA:8,1
DA:10,1
DA:11,1
DA:21,1
DA:22,7
DA:23,7
DA:26,7
DA:27,2
DA:34,5
DA:37,4
DA:38,1
DA:45,3
DA:46,2
DA:47,1
DA:54,1
DA:63,1
DA:66,1
DA:77,2
DA:78,2
DA:93,1
DA:94,0
DA:95,0
DA:98,0
DA:99,0
DA:106,0
DA:107,0
DA:108,0
DA:115,0
DA:116,0
DA:123,0
DA:125,0
DA:126,0
DA:133,0
DA:136,0
DA:138,0
DA:142,0
DA:145,0
DA:150,0
DA:157,0
DA:166,0
DA:169,0
DA:180,0
DA:181,0
DA:196,1
DA:197,0
DA:199,0
DA:200,0
DA:204,0
DA:205,0
DA:206,0
DA:207,0
DA:214,0
DA:217,0
DA:223,0
DA:224,0
DA:239,1
DA:240,0
DA:241,0
DA:252,0
DA:267,1
DA:268,0
DA:269,0
DA:270,0
DA:273,0
DA:274,0
DA:281,0
DA:282,0
DA:289,0
DA:292,0
DA:293,0
DA:294,0
DA:301,0
DA:304,0
DA:309,0
DA:311,0
DA:316,0
DA:317,0
LF:77
LH:23
BRDA:26,0,0,2
BRDA:26,0,1,5
BRDA:26,1,0,7
BRDA:26,1,1,6
BRDA:37,2,0,1
BRDA:37,2,1,3
BRDA:46,3,0,1
BRDA:46,3,1,1
BRDA:98,4,0,0
BRDA:98,4,1,0
BRDA:98,5,0,0
BRDA:98,5,1,0
BRDA:98,5,2,0
BRDA:98,5,3,0
BRDA:107,6,0,0
BRDA:107,6,1,0
BRDA:115,7,0,0
BRDA:115,7,1,0
BRDA:125,8,0,0
BRDA:125,8,1,0
BRDA:199,9,0,0
BRDA:199,9,1,0
BRDA:205,10,0,0
BRDA:205,10,1,0
BRDA:240,11,0,0
BRDA:240,11,1,0
BRDA:240,12,0,0
BRDA:240,12,1,0
BRDA:273,13,0,0
BRDA:273,13,1,0
BRDA:273,14,0,0
BRDA:273,14,1,0
BRDA:281,15,0,0
BRDA:281,15,1,0
BRDA:293,16,0,0
BRDA:293,16,1,0
BRF:36
BRH:8
end_of_record
TN:
SF:backend/controllers/betaController.js
FN:20,(anonymous_0)
FN:62,(anonymous_1)
FN:128,(anonymous_2)
FN:139,(anonymous_3)
FNF:4
FNH:1
FNDA:11,(anonymous_0)
FNDA:0,(anonymous_1)
FNDA:0,(anonymous_2)
FNDA:0,(anonymous_3)
DA:8,1
DA:9,1
DA:10,1
DA:20,1
DA:21,11
DA:22,11
DA:25,11
DA:26,4
DA:33,7
DA:34,7
DA:35,1
DA:42,6
DA:43,1
DA:50,5
DA:51,5
DA:52,1
DA:59,4
DA:62,3
DA:64,0
DA:68,0
DA:71,0
DA:76,0
DA:83,2
DA:93,2
DA:99,2
DA:111,2
DA:112,2
DA:128,1
DA:129,0
DA:131,0
DA:132,0
DA:139,0
DA:141,0
DA:146,0
DA:151,0
DA:156,0
DA:160,0
DA:169,0
DA:173,0
DA:179,0
DA:184,0
DA:185,0
LF:42
LH:24
BRDA:25,0,0,4
BRDA:25,0,1,7
BRDA:25,1,0,11
BRDA:25,1,1,10
BRDA:25,1,2,9
BRDA:25,1,3,8
BRDA:34,2,0,1
BRDA:34,2,1,6
BRDA:42,3,0,1
BRDA:42,3,1,5
BRDA:51,4,0,1
BRDA:51,4,1,4
BRDA:131,5,0,0
BRDA:131,5,1,0
BRDA:131,6,0,0
BRDA:131,6,1,0
BRDA:164,7,0,0
BRDA:164,7,1,0
BRDA:169,8,0,0
BRDA:169,8,1,0
BRF:20
BRH:12
end_of_record
